
Cadence Innovus(TM) Implementation System.
Copyright 2021 Cadence Design Systems, Inc. All rights reserved worldwide.

Version:	v21.17-s075_1, built Wed Mar 15 11:17:40 PDT 2023
Options:	
Date:		Wed Nov  1 17:01:26 2023
Host:		n01-zeus.olympus.ece.tamu.edu (x86_64 w/Linux 3.10.0-1160.90.1.el7.x86_64) (10cores*40cpus*Intel(R) Xeon(R) CPU E5-2650 v3 @ 2.30GHz 25600KB)
OS:		CentOS Linux 7 (Core)

License:
		[17:01:26.458122] Configured Lic search path (21.01-s002): 5280@coe-vtls2.engr.tamu.edu:27070@coe-vtls3.engr.tamu.edu

		invs	Innovus Implementation System	21.1	checkout succeeded
		8 CPU jobs allowed with the current license(s). Use setMultiCpuUsage to set your required CPU count.
**WARN: (IMPOPT-801):	Genus executable not found in PATH. Install Genus, add the path to the genus executable in the PATH variable and rerun Innovus.
Change the soft stacksize limit to 0.2%RAM (1031 mbytes). Set global soft_stack_size_limit to change the value.

**INFO:  MMMC transition support version v31-84 

<CMD> set_global _enable_mmmc_by_default_flow      $CTE::mmmc_default
<CMD> suppressMessage ENCEXT-2799
<CMD> win
<CMD> zoomBox -0.02900 -0.00200 0.30600 0.16800
**ERROR: wrong # args: should be "set varName ?newValue?"
**ERROR: wrong # args: should be "set varName ?newValue?"
**ERROR: wrong # args: should be "set varName ?newValue?"
**ERROR: wrong # args: should be "set varName ?newValue?"
**ERROR: wrong # args: should be "set varName ?newValue?"
**ERROR: wrong # args: should be "set varName ?newValue?"
**ERROR: wrong # args: should be "set varName ?newValue?"
**ERROR: wrong # args: should be "set varName ?newValue?"
**ERROR: wrong # args: should be "set varName ?newValue?"
**ERROR: wrong # args: should be "set varName ?newValue?"

--------------------------------------------------------------------------------
Exiting Innovus on Wed Nov  1 17:31:17 2023
  Total CPU time:     0:08:33
  Total real time:    0:29:52
  Peak memory (main): 765.66MB


*** Memory Usage v#1 (Current mem = 1024.430M, initial mem = 478.008M) ***
*** Message Summary: 1 warning(s), 0 error(s)

--- Ending "Innovus" (totcpu=0:08:33, real=0:29:51, mem=1024.4M) ---
