Virtuoso Framework License (111) was checked out successfully. Total checkout time was 0.02s.

Running simulation in directory: "/home/grads/s/saimanish.gopu/ecen454_714/LVS".

INFO (TECH-150003): The technology database "NCSU_TechLib_tsmc02" has been automatically
updated from revision 226610(DM 0) to revision 227612(DM 3) in virtual memory.


Begin netlist:    Oct 29 19:19:24 2023
	view name list	= ("auLvs" "extracted" "schematic")
	stop name list	= ("auLvs")
	library name	= "Design"
	cell name	= "flipflop"
	view name	= "extracted"
	globals lib	= "basic"
Running Artist Flat Netlisting ...
*WARNING* Parameter 'lxUseCell' already exists.
End netlist:    Oct 29 19:19:24 2023

Moving original netlist to extNetlist
Removing parasitic components from netlist
	presistors removed:  0
	pcapacitors removed: 0
	pinductors removed:  0
	pdiodes removed:     0
	trans lines removed: 0
	13 nodes merged into 13 nodes


Begin netlist:    Oct 29 19:19:24 2023
	view name list	= ("auLvs" "schematic")
	stop name list	= ("auLvs")
	library name	= "Design"
	cell name	= "flipflop"
	view name	= "schematic"
	globals lib	= "basic"
Running Artist Flat Netlisting ...
End netlist:    Oct 29 19:19:25 2023

Moving original netlist to extNetlist
Removing parasitic components from netlist
	presistors removed:  0
	pcapacitors removed: 0
	pinductors removed:  0
	pdiodes removed:     0
	trans lines removed: 0
	13 nodes merged into 13 nodes

Running netlist comparison program:  LVS
Begin comparison:    Oct 29 19:19:25 2023
@(#)$CDS: LVS version 6.1.8-64b 03/10/2020 21:41 (cpgbld01) $

The net-lists match.

                             layout  schematic
                                instances
        un-matched              0       0      
        rewired                 0       0      
        size errors             0       0      
        pruned                  0       0      
        active                  20      20     
        total                   20      20     

                                  nets
        un-matched              0       0      
        merged                  0       0      
        pruned                  0       0      
        active                  13      13     
        total                   13      13     

                                terminals
        un-matched              0       0      
        matched but
        different type          0       0      
        total                   6       6      
End comparison:      Oct 29 19:19:26 2023


Comparison program completed successfully.
