### Custom WaveView ADV log file, revision O-2018.09 (build Aug 27, ) ###
### created at 16:56:56 on Mon Sep 25 2023 (Linux AMD64) ###
### Host Name: hera3.ece.tamu.edu   User ID: saimanish.gopu   PID: 31491   ###
wv_start_log
# (0) running in waveview only mode
# (0) SW_SX_PERL_LIB defined
# (0) SW_SX_TCL_LIB defined
# (0) HOME defined
wv_move_window {Custom WaveView} {} 86 109
wv_resize_window {Custom WaveView} 862 400
wv_resize_window {Custom WaveView} 800 400
wv_move_window {Custom WaveView} {} 86 109
wv_resize_window {Custom WaveView} 800 400
wv_select_window {Custom WaveView} 
wv_move_window {Custom WaveView} {} 0 23
wv_resize_window {Custom WaveView} 1280 649
wv_press_tool_button {Custom WaveView} {} {OpenWaveform0} 
wv_select_dialog {FileDialog} 
wv_select_list_item {FileDialog} {} {FileList} {NAND.raw} 2
wv_select_list_item {FileDialog} {} {FileList} {NAND.raw} 2
wv_press_button {FileDialog} {} {Ok} 
wv_select_list_item {FileDialog} {} {FileList} {TransientAnalysis.tran.tran} 2
wv_dclick_list_item {FileDialog} {} {FileList} {TransientAnalysis.tran.tran} 2
wv_expand_tree_item {Custom WaveView} {} {hierview} {D0:TransientAnalysis.tran.tran(0)} {+sep=@}
wv_select_tree_item {Custom WaveView} {} {hierview} {D0:TransientAnalysis.tran.tran(0)@toplevel(0)} {0} {+sep=@}
wv_select_tree_item {Custom WaveView} {} {hierview} {D0:TransientAnalysis.tran.tran(0)@toplevel(0)} {0} {+sep=@}
wv_select_window {Custom WaveView} 
wv_select_list_item {Custom WaveView} {} {sigview} {A} 0
wv_select_list_item {Custom WaveView} {} {sigview} {A} 0
wv_dclick_list_item {Custom WaveView} {} {sigview} {A} 0
wv_select_list_item {Custom WaveView} {} {sigview} {B} 1
wv_dclick_list_item {Custom WaveView} {} {sigview} {B} 1
wv_select_list_item {Custom WaveView} {} {sigview} {nand_out} 2
wv_dclick_list_item {Custom WaveView} {} {sigview} {nand_out} 2
wv_select_waveview 1 {waveview 1}
wv_select_wv_item WV1.PANEL1:1.LEGEND
wv_select_panel WV1.PANEL1:1.LEGEND
wv_select_waveview 1 {waveview 1}
wv_select_wv_item WV1.PANEL2:1.LEGEND
wv_select_panel WV1.PANEL2:1.LEGEND
wv_select_waveview 1 {waveview 1}
wv_select_wv_item WV1.PANEL1:1.LEGEND
wv_select_panel WV1.PANEL1:1.LEGEND
wv_select_waveview 1 {waveview 1}
wv_shift_select_panel WV1.PANEL2:1.LEGEND
wv_release_wv_item WV1 56 192
wv_select_waveview 1 {waveview 1}
wv_shift_select_panel WV1.PANEL3:1.LEGEND
wv_release_wv_item WV1 45 337
wv_select_waveview 1 {waveview 1}
wv_select_toolbar_item {Custom WaveView} {waveview 1:1} {Group Panels} 
wv_select_waveview 1 {waveview 1}
wv_select_toolbar_item {Custom WaveView} {waveview 1:1} {Measurement Tool} 
wv_set_radion {MeasurementTool} {} {RiseEdge} 
wv_press_button {MeasurementTool} {} {Ok} 
wv_select_window {Custom WaveView} 
wv_select_waveview 1 {waveview 1}
wv_select_wv_item WV1.MEAS1
wv_move_wv_item WV1.MEAS1 444 156
wv_press_tool_button {Custom WaveView} {} {WaveformUndo0} 
wv_select_waveview 1 {waveview 1}
wv_select_toolbar_item {Custom WaveView} {waveview 1:1} {Measurement Tool} 
wv_select_dialog {MeasurementTool} 
wv_move_window {MeasurementTool} {} 262 31
wv_select_combox_item {MeasurementTool} {} {Signal} "B TransientAnalysis.tran.tran" 1
wv_select_combox_item {MeasurementTool} {} {RefSignal} "nand_out TransientAnalysis.tran.tran" 2
wv_press_button {MeasurementTool} {} {Ok} 
wv_select_window {Custom WaveView} 
wv_select_waveview 1 {waveview 1}
wv_select_toolbar_item {Custom WaveView} {waveview 1:1} {Measurement Tool} 
wv_select_dialog {MeasurementTool} 
wv_set_radion {MeasurementTool} {} {FallEdge} 
wv_select_combox_item {MeasurementTool} {} {Signal} "B TransientAnalysis.tran.tran" 1
wv_select_combox_item {MeasurementTool} {} {RefSignal} "nand_out TransientAnalysis.tran.tran" 2
wv_press_button {MeasurementTool} {} {Ok} 
wv_select_window {Custom WaveView} 
wv_select_waveview 1 {waveview 1}
wv_select_wv_item WV1.MEAS1
wv_drag_item_to WV1 466 152
wv_move_wv_item WV1.MEAS1 303 169
wv_select_waveview 1 {waveview 1}
wv_select_wv_item WV1.MEAS2
wv_drag_item_to WV1 467 154
wv_move_wv_item WV1.MEAS2 592 168
wv_press_tool_button {Custom WaveView} {} {UpdateWave0} 
wv_select_dialog {ReloadFiles} 
wv_press_button {ReloadFiles} {} {YesAll} 
wv_press_tool_button {Custom WaveView} {} {UpdateWave0} 
wv_select_dialog {ReloadFiles} 
wv_press_button {ReloadFiles} {} {YesAll} 
wv_select_window {Custom WaveView} 
wv_press_tool_button {Custom WaveView} {} {UpdateWave0} 
wv_select_dialog {ReloadFiles} 
wv_press_button {ReloadFiles} {} {YesAll} 
wv_press_tool_button {Custom WaveView} {} {UpdateWave0} 
wv_select_dialog {ReloadFiles} 
wv_press_button {ReloadFiles} {} {YesAll} 
wv_move_window {Custom WaveView} {} 0 0
wv_move_window {Custom WaveView} {} 0 23
wv_select_window {Custom WaveView} 
wv_move_window {Custom WaveView} {} 0 0
wv_move_window {Custom WaveView} {} 0 23
wv_select_window {Custom WaveView} 
wv_press_tool_button {Custom WaveView} {} {UpdateWave0} 
wv_select_dialog {ReloadFiles} 
wv_press_button {ReloadFiles} {} {YesAll} 
## TYPE S abort
## memory usage 547.70MB
#0x6CD30F /opt/coe/synopsys/wv/O-2018.09/platforms/linux64/bin/wv() [0x6cd30f]
#0x6CD7B0 /opt/coe/synopsys/wv/O-2018.09/platforms/linux64/bin/wv() [0x6cd7b0]
#0x6476B400 /lib64/libc.so.6(+0x36400) [0x7f296476b400]
#0xA30025 /opt/coe/synopsys/wv/O-2018.09/platforms/linux64/bin/wv(dbGetType+0x4) [0xa30025]
#0x934B10 /opt/coe/synopsys/wv/O-2018.09/platforms/linux64/bin/wv() [0x934b10]
#0x93B847 /opt/coe/synopsys/wv/O-2018.09/platforms/linux64/bin/wv() [0x93b847]
#0x93DF6F /opt/coe/synopsys/wv/O-2018.09/platforms/linux64/bin/wv(cdDragDMeas+0xf) [0x93df6f]
#0x93E193 /opt/coe/synopsys/wv/O-2018.09/platforms/linux64/bin/wv(cdRedoDM+0x75) [0x93e193]
#0xB0E253 /opt/coe/synopsys/wv/O-2018.09/platforms/linux64/bin/wv(wdfReloadMoreWDF+0x6db) [0xb0e253]
#0xC96FFB /opt/coe/synopsys/wv/O-2018.09/platforms/linux64/bin/wv() [0xc96ffb]
#0x108CB4A /opt/coe/synopsys/wv/O-2018.09/platforms/linux64/bin/wv(_ZN10QX_PushBtn11callFuctionEv+0x50a) [0x108cb4a]
#0x108E232 /opt/coe/synopsys/wv/O-2018.09/platforms/linux64/bin/wv() [0x108e232]
#0x201FA12 /opt/coe/synopsys/wv/O-2018.09/platforms/linux64/bin/wv() [0x201fa12]
#0x1E174E1 /opt/coe/synopsys/wv/O-2018.09/platforms/linux64/bin/wv() [0x1e174e1]
#0x1C0265D /opt/coe/synopsys/wv/O-2018.09/platforms/linux64/bin/wv() [0x1c0265d]
#0x1C02E99 /opt/coe/synopsys/wv/O-2018.09/platforms/linux64/bin/wv() [0x1c02e99]
#0x1C030FD /opt/coe/synopsys/wv/O-2018.09/platforms/linux64/bin/wv() [0x1c030fd]
#0x19868D3 /opt/coe/synopsys/wv/O-2018.09/platforms/linux64/bin/wv() [0x19868d3]
#0x1937A6C /opt/coe/synopsys/wv/O-2018.09/platforms/linux64/bin/wv() [0x1937a6c]
#0x193C9A9 /opt/coe/synopsys/wv/O-2018.09/platforms/linux64/bin/wv() [0x193c9a9]
#0x20093ED /opt/coe/synopsys/wv/O-2018.09/platforms/linux64/bin/wv() [0x20093ed]
#0x193893B /opt/coe/synopsys/wv/O-2018.09/platforms/linux64/bin/wv() [0x193893b]
#0x19AF34D /opt/coe/synopsys/wv/O-2018.09/platforms/linux64/bin/wv() [0x19af34d]
#0x19ADBE2 /opt/coe/synopsys/wv/O-2018.09/platforms/linux64/bin/wv() [0x19adbe2]
#0x19D11DD /opt/coe/synopsys/wv/O-2018.09/platforms/linux64/bin/wv() [0x19d11dd]
#0x2008015 /opt/coe/synopsys/wv/O-2018.09/platforms/linux64/bin/wv() [0x2008015]
#0x20082F6 /opt/coe/synopsys/wv/O-2018.09/platforms/linux64/bin/wv() [0x20082f6]
#0x200D079 /opt/coe/synopsys/wv/O-2018.09/platforms/linux64/bin/wv() [0x200d079]
#0x10F07FA /opt/coe/synopsys/wv/O-2018.09/platforms/linux64/bin/wv(qxLoop+0x25) [0x10f07fa]
#0x6BB3CB /opt/coe/synopsys/wv/O-2018.09/platforms/linux64/bin/wv(main+0x252d) [0x6bb3cb]
#session saved in: 'sx_crash.sx'
### auto-generated spxrc ###
### General Settings ###
gui_font small
hide_ribbon false
show_console false
use_qtfsb false
replay_delay 1
gui_color bright
wv_iconizable 1
show_eqn_err_msg 1
user_colors false
line_thickness 1
lock_color false
same_color_sweep false
bus_diff_color false
loop_linestyles_sweep false
delete_confirm true
reload_confirm true
exit_confirm true
archive_data_on_crash false
dynamic_filter true
sensitive_filter false
hiersensitive_filter false
keep_signalsearchstring false
suppress_eqn_func_completion false
disable_star_expand_tree false
precision_digits 3
unit_scale 0
axis_font 0
browser_width 250
browser_width_last 0
### SPICE lint ###
spice_netlist_erc off
spice_inst_casesensitive false
spice_parm_casesensitive false
spice_sort_subckt_cells false
spice_cell_index_depth true
spice_smart_sort false
use_hspiceini false
lint_suppress_list 
lint_min_resistance    1.000E-05
lint_max_capacitance    1.000E-03
lint_min_mos_width    1.000E-08
lint_max_mos_width    1.000E-02
lint_min_mos_length    1.000E-08
lint_max_mos_length    1.000E-02
### Custom WaveView ###
waveview_TabPos top
waveview_background black
cycle_color_by panel+waveview
clamp_ac_phase true
left_button_action zoom
init_xy_mode hvsel
cds_link_plot_mode replace
cds_link_update_mode append
show_inf_data false
inf_value    1.000E+50
switch_mouse_button false
group_display_order file
signal_filter_option glob
support_substr_search false
def_ac_stack complex
def_acx_type log
def_acy_type linear
def_trx_type linear
def_try_type linear
def_fft_xscale log
def_fft_yscale db
signal_dnd_mode move
logic_style_default vcd
signal_font normal
signame_spacing normal
signal_name name+file
signame_align left
signal_path path+name
load_data_at_open false
auto_connect_split_files true
grid_default on
grid_brightness normal
auto_y_axes off
auto_y_width off
y_label_width 30
alias_bracket true
flatten_single_point_sweep true
signame_popup false
show_MP_prefix false
show_ytype false
limit_zoom_range false
plotsig_bottompanel false
smart_hsort false
sweep_expand user
remove_dupsig false
case_sens_tr0 false
flatten_segs true
extend_waveform false
filter_byxrange false
convert_s_to_yz false
not_show_vhdl_processes true
disable_reload_wdf_confirm false
disable_update_signal false
disable_update_equation false
add_toplevel_for_fsdb false
logic_real_pwc_fsdb true
use_snn false
sync_alias true
alias_signal_name_only false
real_time_scroll true
snap_marker false
snap_interp false
btn_add_hcursor false
show_cross_label false
hide_cursor_distance false
click_move_cursor true
ref_cursor_value_indv false
bar_grip_scroll false
auto_x_extend false
auto_x_extend_dig true
hide_panel_div false
logic_cursor_snap true
panel_mode_only false
logic_glitch_highlight true
stack_auto_fit on
wdf_filter allfiles
horz_panel_height 80
default_panels_perrow 4
default_hist_binsize 10
default_hist_one false
max_visible_panels 0
read_top_hier true
read_top_hier_threshold 5
user_fixed_yrange false
vmin 0
vmax 3.3
imin 0
imax 1m
lines_per_panel 0
min_panel_height 20
analog_panel_height 120
max_log_span 25
logic_panel_height 24
panel_spacing 0
horizontal_slider_step 50
zoom_in_ratio 50
smith_char_impedance    5.000E+01
calc_eng false
d2a_xtol true
d2a_fullext true
d2a_high_value    3.300E+00
d2a_low_value    0.000E+00
d2a_rise_slew    1.000E-11
d2a_fall_slew    1.000E-11
a2d_single_threshold true
a2d_center_threshold    2.500E+00
a2d_high_threshold    4.000E+00
a2d_low_threshold    1.000E+00
SX_DM_DMScale false
SX_DM_ResultPanelScale false
SNR_inc_floor_noise false
#0  0x00007f29647fa60c in __libc_waitpid (pid=23234, stat_loc=stat_loc@entry=0x7ffcf7246460, options=options@entry=0) at ../sysdeps/unix/sysv/linux/waitpid.c:31
#1  0x00007f2964777f62 in do_system (line=<optimized out>) at ../sysdeps/posix/system.c:148
#2  0x00000000006cd53b in _appMemoryError ()
#3  0x00000000006cd7b0 in _appSignalSeg ()
#4  0x00007f296476b400 in <signal handler called> () at /lib64/libc.so.6
#5  0x0000000000a30025 in dbGetType ()
#6  0x0000000000934b10 in _wvMeasure ()
#7  0x000000000093b847 in _wvDragDMeas ()
#8  0x000000000093df6f in cdDragDMeas ()
#9  0x000000000093e193 in cdRedoDM ()
#10 0x0000000000b0e253 in wdfReloadMoreWDF ()
#11 0x0000000000c96ffb in _selectreload_all ()
#12 0x000000000108cb4a in QX_PushBtn::callFuction() ()
#13 0x000000000108e232 in QX_PushBtn::qt_static_metacall(QObject*, QMetaObject::Call, int, void**) ()
#14 0x000000000201fa12 in QMetaObject::activate(QObject*, QMetaObject const*, int, void**) ()
#15 0x0000000001e174e1 in QAbstractButton::clicked(bool) ()
#16 0x0000000001c0265d in QAbstractButtonPrivate::emitClicked() ()
#17 0x0000000001c02e99 in QAbstractButtonPrivate::click() ()
#18 0x0000000001c030fd in QAbstractButton::mouseReleaseEvent(QMouseEvent*) ()
#19 0x00000000019868d3 in QWidget::event(QEvent*) ()
#20 0x0000000001937a6c in QApplicationPrivate::notify_helper(QObject*, QEvent*) ()
#21 0x000000000193c9a9 in QApplication::notify(QObject*, QEvent*) ()
#22 0x00000000020093ed in QCoreApplication::notifyInternal(QObject*, QEvent*) ()
#23 0x000000000193893b in QApplicationPrivate::sendMouseEvent(QWidget*, QMouseEvent*, QWidget*, QWidget*, QWidget**, QPointer<QWidget>&, bool) ()
#24 0x00000000019af34d in QETWidget::translateMouseEvent(_XEvent const*) ()
#25 0x00000000019adbe2 in QApplication::x11ProcessEvent(_XEvent*) ()
#26 0x00000000019d11dd in QEventDispatcherX11::processEvents(QFlags<QEventLoop::ProcessEventsFlag>) ()
#27 0x0000000002008015 in QEventLoop::processEvents(QFlags<QEventLoop::ProcessEventsFlag>) ()
#28 0x00000000020082f6 in QEventLoop::exec(QFlags<QEventLoop::ProcessEventsFlag>) ()
#29 0x000000000200d079 in QCoreApplication::exec() ()
#30 0x00000000010f07fa in qxLoop ()
#31 0x00000000006bb3cb in main ()
